********************************************************************************
DUPLICATOR-LITE PACKAGE-LOG: 19 February 2024 14h21
NOTICE: Do NOT post to public sites or forums 
********************************************************************************
VERSION:	1.5.8.1
WORDPRESS:	6.4.3
PHP INFO:	8.2.13 | SAPI: apache2handler
SERVER:		Apache/2.4.58 (Win64) PHP/8.2.13 mod_fcgid/2.3.10-dev 
PHP TIME LIMIT: (0) no time limit imposed 
PHP MAX MEMORY: 4294967296 (128M default) 
MEMORY STACK: 34MB

********************************************************************************
DATABASE:
********************************************************************************
BUILD MODE:   PHP(query limit - 100)
MYSQLTIMEOUT: 5000
MYSQLDUMP:    Not Supported
TABLES: total:55 | filtered:0 | create:55
FILTERED: []
SQL CREATED: 20240219_la_vie_des_plantes_75e5ea250be7385d6985_20240219142010_database.sql
SQL FILE SIZE: 5.27MB (5527667)
SQL FILE TIME: 2024-02-19 14:21:23
SQL RUNTIME: 0.88 sec.

********************************************************************************
ARCHIVE (ZIP):
********************************************************************************
ARCHIVE DIR:  C:/wamp64/www/wordpress
ARCHIVE FILE: 20240219_la_vie_des_plantes_75e5ea250be7385d6985_20240219142010_archive.zip
FILTERS: *OFF*
DIRS:
	not set
FILES:
	not set
EXTS:  not set
----------------------------------------
COMPRESSING
SIZE:	226.64MB
STATS:	Dirs 2,205 | Files 13,070
SQL ADDED: 20240219_la_vie_des_plantes_75e5ea250be7385d6985_20240219142010_database.sql
ZipArchive Object
(
    [lastId] => 15274
    [status] => 0
    [statusSys] => 0
    [numFiles] => 15275
    [filename] => C:\wamp64\www\wordpress\wp-content\backups-dup-lite\tmp\20240219_la_vie_des_plantes_75e5ea250be7385d6985_20240219142010_archive.zip
    [comment] => 
)

FILE ADDED TO ZIP: 15274
COMPRESSION RESULT: '1'
COMPRESSED SIZE: 82.05MB
ARCHIVE RUNTIME: 22.19 sec.
MEMORY STACK: 38MB
building installer
ARCHIVE CONSISTENCY TEST: PASS

********************************************************************************
INTEGRITY CHECKS:
********************************************************************************
SQL FILE: 5.27MB
INSTALLER FILE: 73.48KB
ARCHIVE FILE: 84.09MB 
COMPTE ATTENDU DE FICHIERS/RÉPERTOIRES : 15,275
COMPTE ACTUEL DE FICHIERS/RÉPERTOIRES : 15,274
TEST DE COHÉRENCE D’ARCHIVE : Bon

********************************************************************************
RECORD ID:[2]
TOTAL PROCESS RUNTIME: 25.07 sec.
PEAK PHP MEMORY USED: 42MB
DONE PROCESSING => 20240219_la_vie_des_plantes 19 February 2024 14h21

